<?xml version="1.0" encoding="UTF-8"?>
<testng-results ignored="0" total="13" passed="12" failed="1" skipped="0">
  <reporter-output>
  </reporter-output>
  <suite started-at="2026-02-17T18:35:31 IST" name="Surefire suite" finished-at="2026-02-17T18:57:52 IST" duration-ms="1341163">
    <groups>
    </groups>
    <test started-at="2026-02-17T18:35:31 IST" name="Surefire test" finished-at="2026-02-17T18:57:52 IST" duration-ms="1341163">
      <class name="com.automation.tests.EditProfileTest">
        <test-method is-config="true" signature="setupReport()[pri:0, instance:com.automation.tests.EditProfileTest@6a01e23]" started-at="2026-02-17T18:35:31 IST" name="setupReport" finished-at="2026-02-17T18:35:31 IST" duration-ms="81" status="PASS">
          <reporter-output>
          </reporter-output>
        </test-method> <!-- setupReport -->
        <test-method is-config="true" signature="setup(java.lang.reflect.Method)[pri:0, instance:com.automation.tests.EditProfileTest@6a01e23]" started-at="2026-02-17T18:35:31 IST" name="setup" finished-at="2026-02-17T18:35:33 IST" duration-ms="2313" status="PASS">
          <params>
            <param index="0">
              <value>
                <![CDATA[public void com.automation.tests.EditProfileTest.runNegativeThenChangePassword() throws java.lang.InterruptedException]]>
              </value>
            </param>
          </params>
          <reporter-output>
          </reporter-output>
        </test-method> <!-- setup -->
        <test-method signature="runNegativeThenChangePassword()[pri:0, instance:com.automation.tests.EditProfileTest@6a01e23]" started-at="2026-02-17T18:35:33 IST" name="runNegativeThenChangePassword" finished-at="2026-02-17T18:37:15 IST" duration-ms="101618" status="FAIL">
          <exception class="java.lang.RuntimeException">
            <message>
              <![CDATA[Failed to click Wellbeing Dashboard]]>
            </message>
            <full-stacktrace>
              <![CDATA[java.lang.RuntimeException: Failed to click Wellbeing Dashboard
at com.automation.tests.EditProfileTest.testNegativeEditProfile(EditProfileTest.java:583)
at com.automation.tests.EditProfileTest.runNegativeThenChangePassword(EditProfileTest.java:26)
at java.base/jdk.internal.reflect.DirectMethodHandleAccessor.invoke(DirectMethodHandleAccessor.java:104)
at java.base/java.lang.reflect.Method.invoke(Method.java:565)
at org.testng.internal.invokers.MethodInvocationHelper.invokeMethod(MethodInvocationHelper.java:139)
at org.testng.internal.invokers.TestInvoker.invokeMethod(TestInvoker.java:664)
at org.testng.internal.invokers.TestInvoker.invokeTestMethod(TestInvoker.java:227)
at org.testng.internal.invokers.MethodRunner.runInSequence(MethodRunner.java:50)
at org.testng.internal.invokers.TestInvoker$MethodInvocationAgent.invoke(TestInvoker.java:957)
at org.testng.internal.invokers.TestInvoker.invokeTestMethods(TestInvoker.java:200)
at org.testng.internal.invokers.TestMethodWorker.invokeTestMethods(TestMethodWorker.java:148)
at org.testng.internal.invokers.TestMethodWorker.run(TestMethodWorker.java:128)
at java.base/java.util.ArrayList.forEach(ArrayList.java:1604)
at org.testng.TestRunner.privateRun(TestRunner.java:848)
at org.testng.TestRunner.run(TestRunner.java:621)
at org.testng.SuiteRunner.runTest(SuiteRunner.java:443)
at org.testng.SuiteRunner.runSequentially(SuiteRunner.java:437)
at org.testng.SuiteRunner.privateRun(SuiteRunner.java:397)
at org.testng.SuiteRunner.run(SuiteRunner.java:336)
at org.testng.SuiteRunnerWorker.runSuite(SuiteRunnerWorker.java:52)
at org.testng.SuiteRunnerWorker.run(SuiteRunnerWorker.java:95)
at org.testng.TestNG.runSuitesSequentially(TestNG.java:1280)
at org.testng.TestNG.runSuitesLocally(TestNG.java:1200)
at org.testng.TestNG.runSuites(TestNG.java:1114)
at org.testng.TestNG.run(TestNG.java:1082)
at org.apache.maven.surefire.testng.TestNGExecutor.run(TestNGExecutor.java:155)
at org.apache.maven.surefire.testng.TestNGDirectoryTestSuite.executeSingleClass(TestNGDirectoryTestSuite.java:102)
at org.apache.maven.surefire.testng.TestNGDirectoryTestSuite.execute(TestNGDirectoryTestSuite.java:91)
at org.apache.maven.surefire.testng.TestNGProvider.invoke(TestNGProvider.java:137)
at org.apache.maven.surefire.booter.ForkedBooter.runSuitesInProcess(ForkedBooter.java:385)
at org.apache.maven.surefire.booter.ForkedBooter.execute(ForkedBooter.java:162)
at org.apache.maven.surefire.booter.ForkedBooter.run(ForkedBooter.java:507)
at org.apache.maven.surefire.booter.ForkedBooter.main(ForkedBooter.java:495)
Caused by: org.openqa.selenium.TimeoutException: Expected condition failed: waiting for element to be clickable: By.xpath: //XCUIElementTypeImage[@name='WELLBEING DASHBOARD HOME'] | //XCUIElementTypeImage[contains(@name, 'WELLBEING')] (tried for 10 second(s) with 500 milliseconds interval)
Build info: version: '4.13.0', revision: 'ba948ece5b*'
System info: os.name: 'Mac OS X', os.arch: 'aarch64', os.version: '14.5', java.version: '25.0.1'
Driver info: io.appium.java_client.ios.IOSDriver
Capabilities {appium:automationName: XCUITest, appium:bundleId: com.houseofepigenetics.abch..., appium:databaseEnabled: false, appium:deviceName: iPhone 13, appium:javascriptEnabled: true, appium:locationContextEnabled: false, appium:networkConnectionEnabled: false, appium:newCommandTimeout: 3600, appium:noReset: true, appium:platformVersion: 18.7, appium:takesScreenshot: true, appium:udid: 00008110-001425322E9B601E, appium:useNewWDA: false, appium:usePrebuiltWDA: true, appium:webDriverAgentUrl: http://localhost:8100, appium:webStorageEnabled: false, platformName: IOS}
Session ID: 4716ea50-0e27-43da-8266-5de4d93b9d23
at org.openqa.selenium.support.ui.WebDriverWait.timeoutException(WebDriverWait.java:84)
at org.openqa.selenium.support.ui.FluentWait.until(FluentWait.java:230)
at com.automation.tests.EditProfileTest.testNegativeEditProfile(EditProfileTest.java:576)
... 32 more
]]>
            </full-stacktrace>
          </exception> <!-- java.lang.RuntimeException -->
          <reporter-output>
          </reporter-output>
        </test-method> <!-- runNegativeThenChangePassword -->
        <test-method is-config="true" signature="tearDown(org.testng.ITestResult)[pri:0, instance:com.automation.tests.EditProfileTest@6a01e23]" started-at="2026-02-17T18:37:15 IST" name="tearDown" finished-at="2026-02-17T18:37:18 IST" duration-ms="3339" status="PASS">
          <params>
            <param index="0">
              <value>
                <![CDATA[[TestResult name=runNegativeThenChangePassword status=FAILURE method=EditProfileTest.runNegativeThenChangePassword()[pri:0, instance:com.automation.tests.EditProfileTest@6a01e23] output={null}]]]>
              </value>
            </param>
          </params>
          <reporter-output>
          </reporter-output>
        </test-method> <!-- tearDown -->
        <test-method is-config="true" signature="setup(java.lang.reflect.Method)[pri:0, instance:com.automation.tests.EditProfileTest@6a01e23]" started-at="2026-02-17T18:37:18 IST" name="setup" finished-at="2026-02-17T18:37:20 IST" duration-ms="2026" status="PASS">
          <params>
            <param index="0">
              <value>
                <![CDATA[public void com.automation.tests.EditProfileTest.testNegativeEditProfile(java.lang.String,java.lang.String,java.lang.String,java.lang.String) throws java.lang.InterruptedException]]>
              </value>
            </param>
          </params>
          <reporter-output>
          </reporter-output>
        </test-method> <!-- setup -->
        <test-method signature="testNegativeEditProfile(java.lang.String,java.lang.String,java.lang.String,java.lang.String)[pri:0, instance:com.automation.tests.EditProfileTest@6a01e23]" started-at="2026-02-17T18:37:20 IST" name="testNegativeEditProfile" data-provider="negativeEditProfileData" finished-at="2026-02-17T18:38:43 IST" duration-ms="82184" status="PASS">
          <params>
            <param index="0">
              <value>
                <![CDATA[Email Without @]]>
              </value>
            </param>
            <param index="1">
              <value>
                <![CDATA[John Doe]]>
              </value>
            </param>
            <param index="2">
              <value>
                <![CDATA[testexample.com]]>
              </value>
            </param>
            <param index="3">
              <value>
                <![CDATA[123456789]]>
              </value>
            </param>
          </params>
          <reporter-output>
          </reporter-output>
        </test-method> <!-- testNegativeEditProfile -->
        <test-method is-config="true" signature="tearDown(org.testng.ITestResult)[pri:0, instance:com.automation.tests.EditProfileTest@6a01e23]" started-at="2026-02-17T18:38:43 IST" name="tearDown" finished-at="2026-02-17T18:38:46 IST" duration-ms="3138" status="PASS">
          <params>
            <param index="0">
              <value>
                <![CDATA[[TestResult name=testNegativeEditProfile status=SUCCESS method=EditProfileTest.testNegativeEditProfile(java.lang.String,java.lang.String,java.lang.String,java.lang.String)[pri:0, instance:com.automation.tests.EditProfileTest@6a01e23] output={null}]]]>
              </value>
            </param>
          </params>
          <reporter-output>
          </reporter-output>
        </test-method> <!-- tearDown -->
        <test-method is-config="true" signature="setup(java.lang.reflect.Method)[pri:0, instance:com.automation.tests.EditProfileTest@6a01e23]" started-at="2026-02-17T18:38:46 IST" name="setup" finished-at="2026-02-17T18:38:48 IST" duration-ms="1987" status="PASS">
          <params>
            <param index="0">
              <value>
                <![CDATA[public void com.automation.tests.EditProfileTest.testNegativeEditProfile(java.lang.String,java.lang.String,java.lang.String,java.lang.String) throws java.lang.InterruptedException]]>
              </value>
            </param>
          </params>
          <reporter-output>
          </reporter-output>
        </test-method> <!-- setup -->
        <test-method signature="testNegativeEditProfile(java.lang.String,java.lang.String,java.lang.String,java.lang.String)[pri:0, instance:com.automation.tests.EditProfileTest@6a01e23]" started-at="2026-02-17T18:38:48 IST" name="testNegativeEditProfile" data-provider="negativeEditProfileData" finished-at="2026-02-17T18:40:09 IST" duration-ms="81542" status="PASS">
          <params>
            <param index="0">
              <value>
                <![CDATA[Email Without Domain]]>
              </value>
            </param>
            <param index="1">
              <value>
                <![CDATA[John Doe]]>
              </value>
            </param>
            <param index="2">
              <value>
                <![CDATA[test@]]>
              </value>
            </param>
            <param index="3">
              <value>
                <![CDATA[123456789]]>
              </value>
            </param>
          </params>
          <reporter-output>
          </reporter-output>
        </test-method> <!-- testNegativeEditProfile -->
        <test-method is-config="true" signature="tearDown(org.testng.ITestResult)[pri:0, instance:com.automation.tests.EditProfileTest@6a01e23]" started-at="2026-02-17T18:40:09 IST" name="tearDown" finished-at="2026-02-17T18:40:12 IST" duration-ms="3069" status="PASS">
          <params>
            <param index="0">
              <value>
                <![CDATA[[TestResult name=testNegativeEditProfile status=SUCCESS method=EditProfileTest.testNegativeEditProfile(java.lang.String,java.lang.String,java.lang.String,java.lang.String)[pri:0, instance:com.automation.tests.EditProfileTest@6a01e23] output={null}]]]>
              </value>
            </param>
          </params>
          <reporter-output>
          </reporter-output>
        </test-method> <!-- tearDown -->
        <test-method is-config="true" signature="setup(java.lang.reflect.Method)[pri:0, instance:com.automation.tests.EditProfileTest@6a01e23]" started-at="2026-02-17T18:40:12 IST" name="setup" finished-at="2026-02-17T18:40:14 IST" duration-ms="2027" status="PASS">
          <params>
            <param index="0">
              <value>
                <![CDATA[public void com.automation.tests.EditProfileTest.testNegativeEditProfile(java.lang.String,java.lang.String,java.lang.String,java.lang.String) throws java.lang.InterruptedException]]>
              </value>
            </param>
          </params>
          <reporter-output>
          </reporter-output>
        </test-method> <!-- setup -->
        <test-method signature="testNegativeEditProfile(java.lang.String,java.lang.String,java.lang.String,java.lang.String)[pri:0, instance:com.automation.tests.EditProfileTest@6a01e23]" started-at="2026-02-17T18:40:14 IST" name="testNegativeEditProfile" data-provider="negativeEditProfileData" finished-at="2026-02-17T18:41:37 IST" duration-ms="82544" status="PASS">
          <params>
            <param index="0">
              <value>
                <![CDATA[Invalid Phone - Letters]]>
              </value>
            </param>
            <param index="1">
              <value>
                <![CDATA[John Doe]]>
              </value>
            </param>
            <param index="2">
              <value>
                <![CDATA[test@example.com]]>
              </value>
            </param>
            <param index="3">
              <value>
                <![CDATA[abcdefgh]]>
              </value>
            </param>
          </params>
          <reporter-output>
          </reporter-output>
        </test-method> <!-- testNegativeEditProfile -->
        <test-method is-config="true" signature="tearDown(org.testng.ITestResult)[pri:0, instance:com.automation.tests.EditProfileTest@6a01e23]" started-at="2026-02-17T18:41:37 IST" name="tearDown" finished-at="2026-02-17T18:41:40 IST" duration-ms="3118" status="PASS">
          <params>
            <param index="0">
              <value>
                <![CDATA[[TestResult name=testNegativeEditProfile status=SUCCESS method=EditProfileTest.testNegativeEditProfile(java.lang.String,java.lang.String,java.lang.String,java.lang.String)[pri:0, instance:com.automation.tests.EditProfileTest@6a01e23] output={null}]]]>
              </value>
            </param>
          </params>
          <reporter-output>
          </reporter-output>
        </test-method> <!-- tearDown -->
        <test-method is-config="true" signature="setup(java.lang.reflect.Method)[pri:0, instance:com.automation.tests.EditProfileTest@6a01e23]" started-at="2026-02-17T18:41:40 IST" name="setup" finished-at="2026-02-17T18:41:42 IST" duration-ms="1974" status="PASS">
          <params>
            <param index="0">
              <value>
                <![CDATA[public void com.automation.tests.EditProfileTest.testNegativeEditProfile(java.lang.String,java.lang.String,java.lang.String,java.lang.String) throws java.lang.InterruptedException]]>
              </value>
            </param>
          </params>
          <reporter-output>
          </reporter-output>
        </test-method> <!-- setup -->
        <test-method signature="testNegativeEditProfile(java.lang.String,java.lang.String,java.lang.String,java.lang.String)[pri:0, instance:com.automation.tests.EditProfileTest@6a01e23]" started-at="2026-02-17T18:41:42 IST" name="testNegativeEditProfile" data-provider="negativeEditProfileData" finished-at="2026-02-17T18:43:05 IST" duration-ms="82652" status="PASS">
          <params>
            <param index="0">
              <value>
                <![CDATA[Short Phone Number]]>
              </value>
            </param>
            <param index="1">
              <value>
                <![CDATA[John Doe]]>
              </value>
            </param>
            <param index="2">
              <value>
                <![CDATA[test@example.com]]>
              </value>
            </param>
            <param index="3">
              <value>
                <![CDATA[12]]>
              </value>
            </param>
          </params>
          <reporter-output>
          </reporter-output>
        </test-method> <!-- testNegativeEditProfile -->
        <test-method is-config="true" signature="tearDown(org.testng.ITestResult)[pri:0, instance:com.automation.tests.EditProfileTest@6a01e23]" started-at="2026-02-17T18:43:05 IST" name="tearDown" finished-at="2026-02-17T18:43:08 IST" duration-ms="3071" status="PASS">
          <params>
            <param index="0">
              <value>
                <![CDATA[[TestResult name=testNegativeEditProfile status=SUCCESS method=EditProfileTest.testNegativeEditProfile(java.lang.String,java.lang.String,java.lang.String,java.lang.String)[pri:0, instance:com.automation.tests.EditProfileTest@6a01e23] output={null}]]]>
              </value>
            </param>
          </params>
          <reporter-output>
          </reporter-output>
        </test-method> <!-- tearDown -->
        <test-method is-config="true" signature="setup(java.lang.reflect.Method)[pri:0, instance:com.automation.tests.EditProfileTest@6a01e23]" started-at="2026-02-17T18:43:08 IST" name="setup" finished-at="2026-02-17T18:43:10 IST" duration-ms="1985" status="PASS">
          <params>
            <param index="0">
              <value>
                <![CDATA[public void com.automation.tests.EditProfileTest.testNegativeEditProfile(java.lang.String,java.lang.String,java.lang.String,java.lang.String) throws java.lang.InterruptedException]]>
              </value>
            </param>
          </params>
          <reporter-output>
          </reporter-output>
        </test-method> <!-- setup -->
        <test-method signature="testNegativeEditProfile(java.lang.String,java.lang.String,java.lang.String,java.lang.String)[pri:0, instance:com.automation.tests.EditProfileTest@6a01e23]" started-at="2026-02-17T18:43:10 IST" name="testNegativeEditProfile" data-provider="negativeEditProfileData" finished-at="2026-02-17T18:44:32 IST" duration-ms="81988" status="PASS">
          <params>
            <param index="0">
              <value>
                <![CDATA[Invalid Email Format]]>
              </value>
            </param>
            <param index="1">
              <value>
                <![CDATA[John Doe]]>
              </value>
            </param>
            <param index="2">
              <value>
                <![CDATA[invalidemail]]>
              </value>
            </param>
            <param index="3">
              <value>
                <![CDATA[123456789]]>
              </value>
            </param>
          </params>
          <reporter-output>
          </reporter-output>
        </test-method> <!-- testNegativeEditProfile -->
        <test-method is-config="true" signature="tearDown(org.testng.ITestResult)[pri:0, instance:com.automation.tests.EditProfileTest@6a01e23]" started-at="2026-02-17T18:44:32 IST" name="tearDown" finished-at="2026-02-17T18:44:35 IST" duration-ms="3046" status="PASS">
          <params>
            <param index="0">
              <value>
                <![CDATA[[TestResult name=testNegativeEditProfile status=SUCCESS method=EditProfileTest.testNegativeEditProfile(java.lang.String,java.lang.String,java.lang.String,java.lang.String)[pri:0, instance:com.automation.tests.EditProfileTest@6a01e23] output={null}]]]>
              </value>
            </param>
          </params>
          <reporter-output>
          </reporter-output>
        </test-method> <!-- tearDown -->
        <test-method is-config="true" signature="setup(java.lang.reflect.Method)[pri:0, instance:com.automation.tests.EditProfileTest@6a01e23]" started-at="2026-02-17T18:44:35 IST" name="setup" finished-at="2026-02-17T18:44:37 IST" duration-ms="2076" status="PASS">
          <params>
            <param index="0">
              <value>
                <![CDATA[public void com.automation.tests.EditProfileTest.testNegativeEditProfile(java.lang.String,java.lang.String,java.lang.String,java.lang.String) throws java.lang.InterruptedException]]>
              </value>
            </param>
          </params>
          <reporter-output>
          </reporter-output>
        </test-method> <!-- setup -->
        <test-method signature="testNegativeEditProfile(java.lang.String,java.lang.String,java.lang.String,java.lang.String)[pri:0, instance:com.automation.tests.EditProfileTest@6a01e23]" started-at="2026-02-17T18:44:37 IST" name="testNegativeEditProfile" data-provider="negativeEditProfileData" finished-at="2026-02-17T18:45:59 IST" duration-ms="81957" status="PASS">
          <params>
            <param index="0">
              <value>
                <![CDATA[Empty Name Field]]>
              </value>
            </param>
            <param index="1">
              <value>
                <![CDATA[]]>
              </value>
            </param>
            <param index="2">
              <value>
                <![CDATA[test@example.com]]>
              </value>
            </param>
            <param index="3">
              <value>
                <![CDATA[123456789]]>
              </value>
            </param>
          </params>
          <reporter-output>
          </reporter-output>
        </test-method> <!-- testNegativeEditProfile -->
        <test-method is-config="true" signature="tearDown(org.testng.ITestResult)[pri:0, instance:com.automation.tests.EditProfileTest@6a01e23]" started-at="2026-02-17T18:45:59 IST" name="tearDown" finished-at="2026-02-17T18:46:02 IST" duration-ms="3036" status="PASS">
          <params>
            <param index="0">
              <value>
                <![CDATA[[TestResult name=testNegativeEditProfile status=SUCCESS method=EditProfileTest.testNegativeEditProfile(java.lang.String,java.lang.String,java.lang.String,java.lang.String)[pri:0, instance:com.automation.tests.EditProfileTest@6a01e23] output={null}]]]>
              </value>
            </param>
          </params>
          <reporter-output>
          </reporter-output>
        </test-method> <!-- tearDown -->
        <test-method is-config="true" signature="setup(java.lang.reflect.Method)[pri:0, instance:com.automation.tests.EditProfileTest@6a01e23]" started-at="2026-02-17T18:46:02 IST" name="setup" finished-at="2026-02-17T18:46:04 IST" duration-ms="1974" status="PASS">
          <params>
            <param index="0">
              <value>
                <![CDATA[public void com.automation.tests.EditProfileTest.testNegativeEditProfile(java.lang.String,java.lang.String,java.lang.String,java.lang.String) throws java.lang.InterruptedException]]>
              </value>
            </param>
          </params>
          <reporter-output>
          </reporter-output>
        </test-method> <!-- setup -->
        <test-method signature="testNegativeEditProfile(java.lang.String,java.lang.String,java.lang.String,java.lang.String)[pri:0, instance:com.automation.tests.EditProfileTest@6a01e23]" started-at="2026-02-17T18:46:04 IST" name="testNegativeEditProfile" data-provider="negativeEditProfileData" finished-at="2026-02-17T18:47:25 IST" duration-ms="81343" status="PASS">
          <params>
            <param index="0">
              <value>
                <![CDATA[Empty Email Field]]>
              </value>
            </param>
            <param index="1">
              <value>
                <![CDATA[John Doe]]>
              </value>
            </param>
            <param index="2">
              <value>
                <![CDATA[]]>
              </value>
            </param>
            <param index="3">
              <value>
                <![CDATA[123456789]]>
              </value>
            </param>
          </params>
          <reporter-output>
          </reporter-output>
        </test-method> <!-- testNegativeEditProfile -->
        <test-method is-config="true" signature="tearDown(org.testng.ITestResult)[pri:0, instance:com.automation.tests.EditProfileTest@6a01e23]" started-at="2026-02-17T18:47:25 IST" name="tearDown" finished-at="2026-02-17T18:47:28 IST" duration-ms="3105" status="PASS">
          <params>
            <param index="0">
              <value>
                <![CDATA[[TestResult name=testNegativeEditProfile status=SUCCESS method=EditProfileTest.testNegativeEditProfile(java.lang.String,java.lang.String,java.lang.String,java.lang.String)[pri:0, instance:com.automation.tests.EditProfileTest@6a01e23] output={null}]]]>
              </value>
            </param>
          </params>
          <reporter-output>
          </reporter-output>
        </test-method> <!-- tearDown -->
        <test-method is-config="true" signature="setup(java.lang.reflect.Method)[pri:0, instance:com.automation.tests.EditProfileTest@6a01e23]" started-at="2026-02-17T18:47:28 IST" name="setup" finished-at="2026-02-17T18:47:30 IST" duration-ms="1975" status="PASS">
          <params>
            <param index="0">
              <value>
                <![CDATA[public void com.automation.tests.EditProfileTest.testNegativeEditProfile(java.lang.String,java.lang.String,java.lang.String,java.lang.String) throws java.lang.InterruptedException]]>
              </value>
            </param>
          </params>
          <reporter-output>
          </reporter-output>
        </test-method> <!-- setup -->
        <test-method signature="testNegativeEditProfile(java.lang.String,java.lang.String,java.lang.String,java.lang.String)[pri:0, instance:com.automation.tests.EditProfileTest@6a01e23]" started-at="2026-02-17T18:47:30 IST" name="testNegativeEditProfile" data-provider="negativeEditProfileData" finished-at="2026-02-17T18:48:40 IST" duration-ms="69809" status="PASS">
          <params>
            <param index="0">
              <value>
                <![CDATA[Empty Phone Number]]>
              </value>
            </param>
            <param index="1">
              <value>
                <![CDATA[John Doe]]>
              </value>
            </param>
            <param index="2">
              <value>
                <![CDATA[test@example.com]]>
              </value>
            </param>
            <param index="3">
              <value>
                <![CDATA[]]>
              </value>
            </param>
          </params>
          <reporter-output>
          </reporter-output>
        </test-method> <!-- testNegativeEditProfile -->
        <test-method is-config="true" signature="tearDown(org.testng.ITestResult)[pri:0, instance:com.automation.tests.EditProfileTest@6a01e23]" started-at="2026-02-17T18:48:40 IST" name="tearDown" finished-at="2026-02-17T18:48:43 IST" duration-ms="3065" status="PASS">
          <params>
            <param index="0">
              <value>
                <![CDATA[[TestResult name=testNegativeEditProfile status=SUCCESS method=EditProfileTest.testNegativeEditProfile(java.lang.String,java.lang.String,java.lang.String,java.lang.String)[pri:0, instance:com.automation.tests.EditProfileTest@6a01e23] output={null}]]]>
              </value>
            </param>
          </params>
          <reporter-output>
          </reporter-output>
        </test-method> <!-- tearDown -->
        <test-method is-config="true" signature="setup(java.lang.reflect.Method)[pri:0, instance:com.automation.tests.EditProfileTest@6a01e23]" started-at="2026-02-17T18:48:43 IST" name="setup" finished-at="2026-02-17T18:48:45 IST" duration-ms="1973" status="PASS">
          <params>
            <param index="0">
              <value>
                <![CDATA[public void com.automation.tests.EditProfileTest.testChangePassword(java.lang.String,java.lang.String,java.lang.String,java.lang.String,java.lang.String) throws java.lang.InterruptedException]]>
              </value>
            </param>
          </params>
          <reporter-output>
          </reporter-output>
        </test-method> <!-- setup -->
        <test-method signature="testChangePassword(java.lang.String,java.lang.String,java.lang.String,java.lang.String,java.lang.String)[pri:1, instance:com.automation.tests.EditProfileTest@6a01e23]" started-at="2026-02-17T18:48:45 IST" name="testChangePassword" data-provider="changePasswordData" finished-at="2026-02-17T18:50:57 IST" duration-ms="131952" status="PASS">
          <params>
            <param index="0">
              <value>
                <![CDATA[Wrong Old Password Validation]]>
              </value>
            </param>
            <param index="1">
              <value>
                <![CDATA[Testing@2025]]>
              </value>
            </param>
            <param index="2">
              <value>
                <![CDATA[Human@2026]]>
              </value>
            </param>
            <param index="3">
              <value>
                <![CDATA[Human@2026]]>
              </value>
            </param>
            <param index="4">
              <value>
                <![CDATA[//XCUIElementTypeStaticText[@name='Wrong password. Please enter correct password.']]]>
              </value>
            </param>
          </params>
          <reporter-output>
          </reporter-output>
        </test-method> <!-- testChangePassword -->
        <test-method is-config="true" signature="tearDown(org.testng.ITestResult)[pri:0, instance:com.automation.tests.EditProfileTest@6a01e23]" started-at="2026-02-17T18:50:57 IST" name="tearDown" finished-at="2026-02-17T18:51:00 IST" duration-ms="3047" status="PASS">
          <params>
            <param index="0">
              <value>
                <![CDATA[[TestResult name=testChangePassword status=SUCCESS method=EditProfileTest.testChangePassword(java.lang.String,java.lang.String,java.lang.String,java.lang.String,java.lang.String)[pri:1, instance:com.automation.tests.EditProfileTest@6a01e23] output={null}]]]>
              </value>
            </param>
          </params>
          <reporter-output>
          </reporter-output>
        </test-method> <!-- tearDown -->
        <test-method is-config="true" signature="setup(java.lang.reflect.Method)[pri:0, instance:com.automation.tests.EditProfileTest@6a01e23]" started-at="2026-02-17T18:51:00 IST" name="setup" finished-at="2026-02-17T18:51:02 IST" duration-ms="1963" status="PASS">
          <params>
            <param index="0">
              <value>
                <![CDATA[public void com.automation.tests.EditProfileTest.testChangePassword(java.lang.String,java.lang.String,java.lang.String,java.lang.String,java.lang.String) throws java.lang.InterruptedException]]>
              </value>
            </param>
          </params>
          <reporter-output>
          </reporter-output>
        </test-method> <!-- setup -->
        <test-method signature="testChangePassword(java.lang.String,java.lang.String,java.lang.String,java.lang.String,java.lang.String)[pri:1, instance:com.automation.tests.EditProfileTest@6a01e23]" started-at="2026-02-17T18:51:02 IST" name="testChangePassword" data-provider="changePasswordData" finished-at="2026-02-17T18:53:13 IST" duration-ms="131366" status="PASS">
          <params>
            <param index="0">
              <value>
                <![CDATA[Weak Password Validation]]>
              </value>
            </param>
            <param index="1">
              <value>
                <![CDATA[Human@2026]]>
              </value>
            </param>
            <param index="2">
              <value>
                <![CDATA[test2026]]>
              </value>
            </param>
            <param index="3">
              <value>
                <![CDATA[test2026]]>
              </value>
            </param>
            <param index="4">
              <value>
                <![CDATA[//XCUIElementTypeStaticText[@name='Use at least 8 characters with uppercase, lowercase, number, and special symbol.']]]>
              </value>
            </param>
          </params>
          <reporter-output>
          </reporter-output>
        </test-method> <!-- testChangePassword -->
        <test-method is-config="true" signature="tearDown(org.testng.ITestResult)[pri:0, instance:com.automation.tests.EditProfileTest@6a01e23]" started-at="2026-02-17T18:53:13 IST" name="tearDown" finished-at="2026-02-17T18:53:17 IST" duration-ms="3122" status="PASS">
          <params>
            <param index="0">
              <value>
                <![CDATA[[TestResult name=testChangePassword status=SUCCESS method=EditProfileTest.testChangePassword(java.lang.String,java.lang.String,java.lang.String,java.lang.String,java.lang.String)[pri:1, instance:com.automation.tests.EditProfileTest@6a01e23] output={null}]]]>
              </value>
            </param>
          </params>
          <reporter-output>
          </reporter-output>
        </test-method> <!-- tearDown -->
        <test-method is-config="true" signature="setup(java.lang.reflect.Method)[pri:0, instance:com.automation.tests.EditProfileTest@6a01e23]" started-at="2026-02-17T18:53:17 IST" name="setup" finished-at="2026-02-17T18:53:19 IST" duration-ms="2018" status="PASS">
          <params>
            <param index="0">
              <value>
                <![CDATA[public void com.automation.tests.EditProfileTest.testChangePassword(java.lang.String,java.lang.String,java.lang.String,java.lang.String,java.lang.String) throws java.lang.InterruptedException]]>
              </value>
            </param>
          </params>
          <reporter-output>
          </reporter-output>
        </test-method> <!-- setup -->
        <test-method signature="testChangePassword(java.lang.String,java.lang.String,java.lang.String,java.lang.String,java.lang.String)[pri:1, instance:com.automation.tests.EditProfileTest@6a01e23]" started-at="2026-02-17T18:53:19 IST" name="testChangePassword" data-provider="changePasswordData" finished-at="2026-02-17T18:55:30 IST" duration-ms="131474" status="PASS">
          <params>
            <param index="0">
              <value>
                <![CDATA[Same Old and New Password Validation]]>
              </value>
            </param>
            <param index="1">
              <value>
                <![CDATA[Human@2026]]>
              </value>
            </param>
            <param index="2">
              <value>
                <![CDATA[Human@2026]]>
              </value>
            </param>
            <param index="3">
              <value>
                <![CDATA[Human@2026]]>
              </value>
            </param>
            <param index="4">
              <value>
                <![CDATA[//XCUIElementTypeStaticText[@name='Current and new password cannot be the same.']]]>
              </value>
            </param>
          </params>
          <reporter-output>
          </reporter-output>
        </test-method> <!-- testChangePassword -->
        <test-method is-config="true" signature="tearDown(org.testng.ITestResult)[pri:0, instance:com.automation.tests.EditProfileTest@6a01e23]" started-at="2026-02-17T18:55:30 IST" name="tearDown" finished-at="2026-02-17T18:55:33 IST" duration-ms="3131" status="PASS">
          <params>
            <param index="0">
              <value>
                <![CDATA[[TestResult name=testChangePassword status=SUCCESS method=EditProfileTest.testChangePassword(java.lang.String,java.lang.String,java.lang.String,java.lang.String,java.lang.String)[pri:1, instance:com.automation.tests.EditProfileTest@6a01e23] output={null}]]]>
              </value>
            </param>
          </params>
          <reporter-output>
          </reporter-output>
        </test-method> <!-- tearDown -->
        <test-method is-config="true" signature="setup(java.lang.reflect.Method)[pri:0, instance:com.automation.tests.EditProfileTest@6a01e23]" started-at="2026-02-17T18:55:33 IST" name="setup" finished-at="2026-02-17T18:55:35 IST" duration-ms="2004" status="PASS">
          <params>
            <param index="0">
              <value>
                <![CDATA[public void com.automation.tests.EditProfileTest.testChangePassword(java.lang.String,java.lang.String,java.lang.String,java.lang.String,java.lang.String) throws java.lang.InterruptedException]]>
              </value>
            </param>
          </params>
          <reporter-output>
          </reporter-output>
        </test-method> <!-- setup -->
        <test-method signature="testChangePassword(java.lang.String,java.lang.String,java.lang.String,java.lang.String,java.lang.String)[pri:1, instance:com.automation.tests.EditProfileTest@6a01e23]" started-at="2026-02-17T18:55:35 IST" name="testChangePassword" data-provider="changePasswordData" finished-at="2026-02-17T18:57:49 IST" duration-ms="134005" status="PASS">
          <params>
            <param index="0">
              <value>
                <![CDATA[Valid Change Password]]>
              </value>
            </param>
            <param index="1">
              <value>
                <![CDATA[Human@2026]]>
              </value>
            </param>
            <param index="2">
              <value>
                <![CDATA[Testing@2026]]>
              </value>
            </param>
            <param index="3">
              <value>
                <![CDATA[Testing@2026]]>
              </value>
            </param>
            <param index="4">
              <value>
                <![CDATA[SUCCESS]]>
              </value>
            </param>
          </params>
          <reporter-output>
          </reporter-output>
        </test-method> <!-- testChangePassword -->
        <test-method is-config="true" signature="tearDown(org.testng.ITestResult)[pri:0, instance:com.automation.tests.EditProfileTest@6a01e23]" started-at="2026-02-17T18:57:49 IST" name="tearDown" finished-at="2026-02-17T18:57:52 IST" duration-ms="3046" status="PASS">
          <params>
            <param index="0">
              <value>
                <![CDATA[[TestResult name=testChangePassword status=SUCCESS method=EditProfileTest.testChangePassword(java.lang.String,java.lang.String,java.lang.String,java.lang.String,java.lang.String)[pri:1, instance:com.automation.tests.EditProfileTest@6a01e23] output={null}]]]>
              </value>
            </param>
          </params>
          <reporter-output>
          </reporter-output>
        </test-method> <!-- tearDown -->
        <test-method is-config="true" signature="tearDownReport()[pri:0, instance:com.automation.tests.EditProfileTest@6a01e23]" started-at="2026-02-17T18:57:52 IST" name="tearDownReport" finished-at="2026-02-17T18:57:52 IST" duration-ms="151" status="PASS">
          <reporter-output>
          </reporter-output>
        </test-method> <!-- tearDownReport -->
      </class> <!-- com.automation.tests.EditProfileTest -->
    </test> <!-- Surefire test -->
  </suite> <!-- Surefire suite -->
</testng-results>
