<?xml version="1.0" encoding="UTF-8"?>
<testsuite xmlns:xsi="http://www.w3.org/2001/XMLSchema-instance" xsi:noNamespaceSchemaLocation="https://maven.apache.org/surefire/maven-surefire-plugin/xsd/surefire-test-report-3.0.xsd" version="3.0" name="com.automation.tests.EditProfileTest" time="57.778" tests="1" errors="0" skipped="0" failures="1">
  <properties>
[...]
</properties>
  <testcase name="testNegativeEditProfile[Email Without @, John Doe, testexample.com, 123456789](1)" classname="com.automation.tests.EditProfileTest" time="51.573">
    <failure message="Phone Number field not found on Edit Profile page" type="java.lang.RuntimeException"><![CDATA[java.lang.RuntimeException: Phone Number field not found on Edit Profile page
	at com.automation.pages.EditProfilePage.enterPhoneNumber(EditProfilePage.java:72)
	at com.automation.tests.EditProfileTest.testNegativeEditProfile(EditProfileTest.java:643)
	at java.base/jdk.internal.reflect.DirectMethodHandleAccessor.invoke(DirectMethodHandleAccessor.java:104)
	at java.base/java.lang.reflect.Method.invoke(Method.java:565)
	at org.testng.internal.invokers.MethodInvocationHelper.invokeMethod(MethodInvocationHelper.java:139)
	at org.testng.internal.invokers.TestInvoker.invokeMethod(TestInvoker.java:664)
	at org.testng.internal.invokers.TestInvoker.invokeTestMethod(TestInvoker.java:227)
	at org.testng.internal.invokers.MethodRunner.runInSequence(MethodRunner.java:50)
	at org.testng.internal.invokers.TestInvoker$MethodInvocationAgent.invoke(TestInvoker.java:957)
	at org.testng.internal.invokers.TestInvoker.invokeTestMethods(TestInvoker.java:200)
	at org.testng.internal.invokers.TestMethodWorker.invokeTestMethods(TestMethodWorker.java:148)
	at org.testng.internal.invokers.TestMethodWorker.run(TestMethodWorker.java:128)
	at java.base/java.util.ArrayList.forEach(ArrayList.java:1604)
	at org.testng.TestRunner.privateRun(TestRunner.java:848)
	at org.testng.TestRunner.run(TestRunner.java:621)
	at org.testng.SuiteRunner.runTest(SuiteRunner.java:443)
	at org.testng.SuiteRunner.runSequentially(SuiteRunner.java:437)
	at org.testng.SuiteRunner.privateRun(SuiteRunner.java:397)
	at org.testng.SuiteRunner.run(SuiteRunner.java:336)
	at org.testng.SuiteRunnerWorker.runSuite(SuiteRunnerWorker.java:52)
	at org.testng.SuiteRunnerWorker.run(SuiteRunnerWorker.java:95)
	at org.testng.TestNG.runSuitesSequentially(TestNG.java:1280)
	at org.testng.TestNG.runSuitesLocally(TestNG.java:1200)
	at org.testng.TestNG.runSuites(TestNG.java:1114)
	at org.testng.TestNG.run(TestNG.java:1082)
	at org.apache.maven.surefire.testng.TestNGExecutor.run(TestNGExecutor.java:155)
	at org.apache.maven.surefire.testng.TestNGDirectoryTestSuite.executeSingleClass(TestNGDirectoryTestSuite.java:102)
	at org.apache.maven.surefire.testng.TestNGDirectoryTestSuite.execute(TestNGDirectoryTestSuite.java:91)
	at org.apache.maven.surefire.testng.TestNGProvider.invoke(TestNGProvider.java:137)
	at org.apache.maven.surefire.booter.ForkedBooter.runSuitesInProcess(ForkedBooter.java:385)
	at org.apache.maven.surefire.booter.ForkedBooter.execute(ForkedBooter.java:162)
	at org.apache.maven.surefire.booter.ForkedBooter.run(ForkedBooter.java:507)
	at org.apache.maven.surefire.booter.ForkedBooter.main(ForkedBooter.java:495)
Caused by: org.openqa.selenium.StaleElementReferenceException: The previously found element ""556631234" TextField" is not present in the current view anymore. Make sure the application UI has the expected state. Original error: No matches found for Elements matching predicate 'BLOCKPREDICATE(0x115975650)' from input {(
    Window (Main), {{0.0, 0.0}, {390.0, 844.0}},
    Window, {{0.0, 0.0}, {390.0, 844.0}},
    Window, {{0.0, 0.0}, {390.0, 844.0}},
    Other, {{0.0, 0.0}, {390.0, 844.0}},
    Other, {{0.0, 0.0}, {390.0, 844.0}},
    Other, {{0.0, 0.0}, {390.0, 844.0}},
    Other, {{0.0, 0.0}, {390.0, 844.0}},
    Other, {{0.0, 0.0}, {390.0, 844.0}},
    Other, {{0.0, 536.0}, {390.0, 308.0}},
    Other, {{0.0, 536.0}, {390.0, 308.0}},
    Other, {{0.0, 0.0}, {390.0, 844.0}},
    Other, {{0.0, 536.0}, {390.0, 308.0}}, identifier: 'inputView',
    Other, {{0.0, 536.0}, {390.0, 308.0}},
    Other, {{0.0, 553.0}, {390.0, 233.0}},
    Other, {{0.0, 553.0}, {390.0, 291.0}},
    Other, {{0.0, 0.0}, {390.0, 844.0}},
    Other, {{0.0, 536.0}, {390.0, 308.0}},
    Keyboard, {{0.0, 553.0}, {390.0, 233.0}},
    Button, {{313.4, 775.4}, {68.1, 68.7}}, identifier: 'dictation', label: 'Dictate', Disabled,
    Other, {{0.0, 0.0}, {390.0, 844.0}},
    Other, {{0.0, 0.0}, {390.0, 844.0}},
    Other, {{0.0, 536.0}, {390.0, 308.0}},
    Other, {{0.0, 553.0}, {390.0, 233.0}},
    StaticText, {{313.4, 775.4}, {0.0, 0.0}},
    Other, {{0.0, 0.0}, {390.0, 844.0}},
    Other, {{0.0, 0.0}, {390.0, 844.0}},
    Other, {{0.0, 553.0}, {390.0, 233.0}}, identifier: 'UIKeyboardLayoutStar Preview',
    Other, {{0.0, 0.0}, {390.0, 844.0}},
    Other, {{0.0, 0.0}, {390.0, 844.0}},
    Key, {{4.7, 560.0}, {127.7, 54.0}}, label: '1',
    Key, {{132.3, 560.0}, {127.7, 54.0}}, label: '2',
    Key, {{260.0, 560.0}, {127.7, 54.0}}, label: '3',
    Key, {{4.7, 614.0}, {127.7, 54.0}}, label: '4',
    Key, {{132.3, 614.0}, {127.7, 54.0}}, label: '5',
    Key, {{260.0, 614.0}, {127.7, 54.0}}, label: '6',
    Key, {{4.7, 668.0}, {127.7, 54.0}}, label: '7',
    Key, {{132.3, 668.0}, {127.7, 54.0}}, label: '8',
    Key, {{260.0, 668.0}, {127.7, 54.0}}, label: '9',
    Key, {{4.7, 722.0}, {127.7, 54.0}}, label: 'Shift',
    Key, {{132.3, 722.0}, {127.7, 54.0}}, label: '0',
    Key, {{260.0, 722.0}, {127.7, 54.0}}, label: 'Delete',
    Other, {{0.0, 0.0}, {390.0, 844.0}},
    Other, {{0.0, 0.0}, {390.0, 844.0}},
    Other, {{0.0, 0.0}, {390.0, 844.0}},
    Other, {{0.0, 0.0}, {390.0, 844.0}},
    Other, {{0.0, 0.0}, {390.0, 844.0}},
    Other, {{0.0, 0.0}, {390.0, 135.4}},
    Button, {{4.0, 49.2}, {48.0, 48.0}},
    StaticText, {{24.0, 99.4}, {144.8, 26.0}}, label: 'EDIT PROFILE',
    ScrollView, {{25.0, 135.4}, {340.1, 400.6}},
    Image, {{25.0, 135.4}, {136.5, 42.5}},
    Other, {{0.0, 0.0}, {390.0, 844.0}},
    ScrollView, {{25.0, 197.9}, {340.1, 338.1}},
    TextField, {{25.0, 197.9}, {340.1, 65.0}}, value: John Doe,
    TextField, {{25.0, 267.1}, {340.1, 65.0}}, value: ramesh@navadhiti.com,
    Other, {{25.0, 336.3}, {340.1, 65.0}}, value: 01/01/1978,
    Other, {{0.0, 0.0}, {390.0, 844.0}},
    Other, {{0.0, 0.0}, {390.0, 844.0}},
    Button, {{25.0, 405.6}, {340.1, 60.0}},
    Button, {{25.0, 405.6}, {340.1, 60.0}}, label: 'Male',
    TextField, {{34.0, 483.0}, {322.1, 44.0}}, label: 'Phone Number', Keyboard Focused,
    StaticText, {{34.0, 483.0}, {104.1, 44.0}}, label: '🇦🇫
+93'
)}
For documentation on this error, please visit: https://www.selenium.dev/documentation/webdriver/troubleshooting/errors#stale-element-reference-exception
Build info: version: '4.13.0', revision: 'ba948ece5b*'
System info: os.name: 'Mac OS X', os.arch: 'aarch64', os.version: '14.5', java.version: '25.0.1'
Driver info: io.appium.java_client.ios.IOSDriver
Command: [20d6a0b1-7147-4b40-9038-eb40cb773a8e, clearElement {id=0A010000-0000-0000-22A3-000000000000}]
Capabilities {appium:automationName: XCUITest, appium:bundleId: com.houseofepigenetics.abch..., appium:databaseEnabled: false, appium:deviceName: iPhone 13, appium:javascriptEnabled: true, appium:locationContextEnabled: false, appium:networkConnectionEnabled: false, appium:newCommandTimeout: 3600, appium:noReset: true, appium:platformVersion: 18.7, appium:takesScreenshot: true, appium:udid: 00008110-001425322E9B601E, appium:useNewWDA: false, appium:usePrebuiltWDA: true, appium:webDriverAgentUrl: http://localhost:8100, appium:webStorageEnabled: false, platformName: IOS}
Element: [[IOSDriver:  on IOS (20d6a0b1-7147-4b40-9038-eb40cb773a8e)] -> -ios predicate string: type == 'XCUIElementTypeTextField' AND enabled == 1 AND visible == 1 AND value MATCHES '^[0-9]+$']
Session ID: 20d6a0b1-7147-4b40-9038-eb40cb773a8e
	at java.base/jdk.internal.reflect.DirectConstructorHandleAccessor.newInstance(DirectConstructorHandleAccessor.java:62)
	at java.base/java.lang.reflect.Constructor.newInstanceWithCaller(Constructor.java:499)
	at java.base/java.lang.reflect.Constructor.newInstance(Constructor.java:483)
	at org.openqa.selenium.remote.codec.w3c.W3CHttpResponseCodec.createException(W3CHttpResponseCodec.java:200)
	at org.openqa.selenium.remote.codec.w3c.W3CHttpResponseCodec.decode(W3CHttpResponseCodec.java:133)
	at org.openqa.selenium.remote.codec.w3c.W3CHttpResponseCodec.decode(W3CHttpResponseCodec.java:52)
	at org.openqa.selenium.remote.HttpCommandExecutor.execute(HttpCommandExecutor.java:191)
	at io.appium.java_client.remote.AppiumCommandExecutor.execute(AppiumCommandExecutor.java:250)
	at org.openqa.selenium.remote.RemoteWebDriver.execute(RemoteWebDriver.java:602)
	at org.openqa.selenium.remote.RemoteWebElement.execute(RemoteWebElement.java:224)
	at org.openqa.selenium.remote.RemoteWebElement.clear(RemoteWebElement.java:130)
	at com.automation.pages.EditProfilePage.enterPhoneNumber(EditProfilePage.java:70)
	... 32 more
]]></failure>
    <system-out><![CDATA[⏭ Skipping resetAppToHomePage for EditProfileTest - uses custom navigation
Clicked Date of Birth using iOSNsPredicateString.
Clicked Country Code using contains(+) XPath
]]></system-out>
    <system-err><![CDATA[SLF4J: No SLF4J providers were found.
SLF4J: Defaulting to no-operation (NOP) logger implementation
SLF4J: See https://www.slf4j.org/codes.html#noProviders for further details.
]]></system-err>
  </testcase>
</testsuite>