<?xml version="1.0" encoding="UTF-8"?>
<!-- Generated by org.testng.reporters.JUnitReportReporter -->
<testsuite hostname="192.168.1.35" failures="0" tests="4" name="com.automation.tests.DataBankTest" time="400.075" errors="0" timestamp="2026-01-30T11:02:10 GMT-08:00" skipped="0">
  <testcase classname="com.automation.tests.DataBankTest" name="testDataBank_Case1" time="225.501"/>
  <testcase classname="com.automation.tests.DataBankTest" name="testDataBank_Case2" time="55.085"/>
  <testcase classname="com.automation.tests.DataBankTest" name="testDataBank_Case3" time="50.869"/>
  <testcase classname="com.automation.tests.DataBankTest" name="testDataBank_Case4" time="68.620"/>
</testsuite> <!-- com.automation.tests.DataBankTest -->
