<?xml version="1.0" encoding="UTF-8"?>
<!-- Generated by org.testng.reporters.JUnitReportReporter -->
<testsuite hostname="Navadhitis-MacBook-Pro.local" failures="0" tests="4" name="com.automation.tests.DataBankTest" time="455.560" errors="0" timestamp="2026-02-18T18:12:58 IST" skipped="0">
  <testcase classname="com.automation.tests.DataBankTest" name="testDataBank_Case1" time="300.320"/>
  <testcase classname="com.automation.tests.DataBankTest" name="testDataBank_Case2" time="55.047"/>
  <testcase classname="com.automation.tests.DataBankTest" name="testDataBank_Case3" time="32.127"/>
  <testcase classname="com.automation.tests.DataBankTest" name="testDataBank_Case4" time="68.066"/>
</testsuite> <!-- com.automation.tests.DataBankTest -->
