<?xml version="1.0" encoding="UTF-8"?>
<!-- Generated by org.testng.reporters.JUnitReportReporter -->
<testsuite hostname="192.168.1.87" failures="0" tests="5" name="com.automation.tests.ProfileTest" time="228.626" errors="0" timestamp="2026-02-12T15:22:38 IST" skipped="0">
  <testcase classname="com.automation.tests.ProfileTest" name="testMyOrders_TrackOrder" time="23.781"/>
  <testcase classname="com.automation.tests.ProfileTest" name="testMyOrders_SendSample" time="34.583"/>
  <testcase classname="com.automation.tests.ProfileTest" name="testHelpSupport_AllSections" time="88.516"/>
  <testcase classname="com.automation.tests.ProfileTest" name="testLegalInformation_AllSections" time="51.451"/>
  <testcase classname="com.automation.tests.ProfileTest" name="testLogout" time="30.295"/>
</testsuite> <!-- com.automation.tests.ProfileTest -->
