<?xml version="1.0" encoding="UTF-8"?>
<!-- Generated by org.testng.reporters.JUnitXMLReporter -->
<testsuite ignored="1" hostname="Navadhitis-MacBook-Pro.local" failures="0" tests="1" name="Surefire test" time="52.205" errors="0" timestamp="2026-02-11T14:48:52 IST">
  <testcase classname="com.automation.tests.SignInTest" name="testPositiveSignIn" time="40.563"/>
  <testcase classname="com.automation.tests.SignInTest" name="testNegativeSignIn" time="0.0">
    <ignored/>
  </testcase> <!-- testNegativeSignIn -->
</testsuite> <!-- Surefire test -->
