<?xml version="1.0" encoding="UTF-8"?>
<!-- Generated by org.testng.reporters.JUnitXMLReporter -->
<testsuite ignored="0" hostname="Navadhitis-MacBook-Pro.local" failures="5" tests="8" name="Surefire test" time="774.7" errors="0" timestamp="2026-02-13T16:36:04 IST">
  <testcase classname="com.automation.tests.EditProfileTest" name="runNegativeThenChangePassword" time="49.932">
    <failure type="java.lang.RuntimeException" message="Country Code dropdown with &amp;apos;+&amp;apos; not found on Edit Profile page">
      <![CDATA[java.lang.RuntimeException: Country Code dropdown with '+' not found on Edit Profile page
at com.automation.pages.EditProfilePage.clickCountryCode(EditProfilePage.java:210)
at com.automation.tests.EditProfileTest.testNegativeEditProfile(EditProfileTest.java:644)
at com.automation.tests.EditProfileTest.runNegativeThenChangePassword(EditProfileTest.java:26)
at java.base/java.util.ArrayList.forEach(ArrayList.java:1604)
Caused by: org.openqa.selenium.StaleElementReferenceException: The previously found element "StaticText at {{34.0, 607.0}, {112.3, 44.0}}" is not present in the current view anymore. Make sure the application UI has the expected state. Original error: No matches found for Elements matching predicate 'fb_uid IN {"F7000000-0000-0000-1A2F-000000000000"}' from input {(
    StaticText
)}
For documentation on this error, please visit: https://www.selenium.dev/documentation/webdriver/troubleshooting/errors#stale-element-reference-exception
Build info: version: '4.13.0', revision: 'ba948ece5b*'
System info: os.name: 'Mac OS X', os.arch: 'aarch64', os.version: '14.5', java.version: '25.0.1'
Driver info: io.appium.java_client.ios.IOSDriver
Command: [9ba037c8-219d-45f4-bc12-f07d7fae1af5, getElementAttribute {id=F7000000-0000-0000-1A2F-000000000000, name=name}]
Capabilities {appium:automationName: XCUITest, appium:bundleId: com.houseofepigenetics.abch..., appium:databaseEnabled: false, appium:deviceName: iPhone 13, appium:javascriptEnabled: true, appium:locationContextEnabled: false, appium:networkConnectionEnabled: false, appium:newCommandTimeout: 3600, appium:noReset: true, appium:platformVersion: 18.7, appium:takesScreenshot: true, appium:udid: 00008110-001425322E9B601E, appium:useNewWDA: false, appium:usePrebuiltWDA: true, appium:webDriverAgentUrl: http://localhost:8100, appium:webStorageEnabled: false, platformName: IOS}
Element: [[IOSDriver:  on IOS (9ba037c8-219d-45f4-bc12-f07d7fae1af5)] -> xpath: //XCUIElementTypeStaticText[contains(@name, '+')]]
Session ID: 9ba037c8-219d-45f4-bc12-f07d7fae1af5
at org.openqa.selenium.remote.codec.w3c.W3CHttpResponseCodec.createException(W3CHttpResponseCodec.java:200)
at org.openqa.selenium.remote.codec.w3c.W3CHttpResponseCodec.decode(W3CHttpResponseCodec.java:133)
at org.openqa.selenium.remote.codec.w3c.W3CHttpResponseCodec.decode(W3CHttpResponseCodec.java:52)
at org.openqa.selenium.remote.HttpCommandExecutor.execute(HttpCommandExecutor.java:191)
at io.appium.java_client.remote.AppiumCommandExecutor.execute(AppiumCommandExecutor.java:250)
at org.openqa.selenium.remote.RemoteWebDriver.execute(RemoteWebDriver.java:602)
at org.openqa.selenium.remote.RemoteWebElement.execute(RemoteWebElement.java:224)
at org.openqa.selenium.remote.RemoteWebElement.getAttribute(RemoteWebElement.java:150)
at com.automation.pages.EditProfilePage.clickCountryCode(EditProfilePage.java:208)
... 33 more
... Removed 33 stack frames]]>
    </failure>
  </testcase> <!-- runNegativeThenChangePassword -->
  <testcase classname="com.automation.tests.EditProfileTest" name="testEditProfileWithDateGenderCountry" time="42.977">
    <failure type="java.lang.RuntimeException" message="Country Code dropdown with &amp;apos;+&amp;apos; not found on Edit Profile page">
      <![CDATA[java.lang.RuntimeException: Country Code dropdown with '+' not found on Edit Profile page
at com.automation.pages.EditProfilePage.clickCountryCode(EditProfilePage.java:210)
at com.automation.tests.EditProfileTest.testEditProfileWithDateGenderCountry(EditProfileTest.java:735)
at java.base/java.util.ArrayList.forEach(ArrayList.java:1604)
Caused by: org.openqa.selenium.StaleElementReferenceException: The previously found element "StaticText at {{34.0, 607.0}, {112.3, 44.0}}" is not present in the current view anymore. Make sure the application UI has the expected state. Original error: No matches found for Elements matching predicate 'fb_uid IN {"F6000000-0000-0000-1F2F-000000000000"}' from input {(
    StaticText
)}
For documentation on this error, please visit: https://www.selenium.dev/documentation/webdriver/troubleshooting/errors#stale-element-reference-exception
Build info: version: '4.13.0', revision: 'ba948ece5b*'
System info: os.name: 'Mac OS X', os.arch: 'aarch64', os.version: '14.5', java.version: '25.0.1'
Driver info: io.appium.java_client.ios.IOSDriver
Command: [ca509e30-55fc-4245-a2f0-a37bfb1d06c3, getElementAttribute {id=F6000000-0000-0000-1F2F-000000000000, name=name}]
Capabilities {appium:automationName: XCUITest, appium:bundleId: com.houseofepigenetics.abch..., appium:databaseEnabled: false, appium:deviceName: iPhone 13, appium:javascriptEnabled: true, appium:locationContextEnabled: false, appium:networkConnectionEnabled: false, appium:newCommandTimeout: 3600, appium:noReset: true, appium:platformVersion: 18.7, appium:takesScreenshot: true, appium:udid: 00008110-001425322E9B601E, appium:useNewWDA: false, appium:usePrebuiltWDA: true, appium:webDriverAgentUrl: http://localhost:8100, appium:webStorageEnabled: false, platformName: IOS}
Element: [[IOSDriver:  on IOS (ca509e30-55fc-4245-a2f0-a37bfb1d06c3)] -> xpath: //XCUIElementTypeStaticText[contains(@name, '+')]]
Session ID: ca509e30-55fc-4245-a2f0-a37bfb1d06c3
at org.openqa.selenium.remote.codec.w3c.W3CHttpResponseCodec.createException(W3CHttpResponseCodec.java:200)
at org.openqa.selenium.remote.codec.w3c.W3CHttpResponseCodec.decode(W3CHttpResponseCodec.java:133)
at org.openqa.selenium.remote.codec.w3c.W3CHttpResponseCodec.decode(W3CHttpResponseCodec.java:52)
at org.openqa.selenium.remote.HttpCommandExecutor.execute(HttpCommandExecutor.java:191)
at io.appium.java_client.remote.AppiumCommandExecutor.execute(AppiumCommandExecutor.java:250)
at org.openqa.selenium.remote.RemoteWebDriver.execute(RemoteWebDriver.java:602)
at org.openqa.selenium.remote.RemoteWebElement.execute(RemoteWebElement.java:224)
at org.openqa.selenium.remote.RemoteWebElement.getAttribute(RemoteWebElement.java:150)
at com.automation.pages.EditProfilePage.clickCountryCode(EditProfilePage.java:208)
... 32 more
... Removed 33 stack frames]]>
    </failure>
  </testcase> <!-- testEditProfileWithDateGenderCountry -->
  <testcase classname="com.automation.tests.EditProfileTest" name="testNegativeEditProfile" time="49.943">
    <failure type="java.lang.RuntimeException" message="Country Code dropdown with &amp;apos;+&amp;apos; not found on Edit Profile page">
      <![CDATA[java.lang.RuntimeException: Country Code dropdown with '+' not found on Edit Profile page
at com.automation.pages.EditProfilePage.clickCountryCode(EditProfilePage.java:210)
at com.automation.tests.EditProfileTest.testNegativeEditProfile(EditProfileTest.java:644)
at java.base/java.util.ArrayList.forEach(ArrayList.java:1604)
Caused by: org.openqa.selenium.StaleElementReferenceException: The previously found element "StaticText at {{34.0, 607.0}, {112.3, 44.0}}" is not present in the current view anymore. Make sure the application UI has the expected state. Original error: No matches found for Elements matching predicate 'fb_uid IN {"F7000000-0000-0000-212F-000000000000"}' from input {(
    StaticText
)}
For documentation on this error, please visit: https://www.selenium.dev/documentation/webdriver/troubleshooting/errors#stale-element-reference-exception
Build info: version: '4.13.0', revision: 'ba948ece5b*'
System info: os.name: 'Mac OS X', os.arch: 'aarch64', os.version: '14.5', java.version: '25.0.1'
Driver info: io.appium.java_client.ios.IOSDriver
Command: [73933475-eb4e-486d-9b25-dd5ce0171b62, getElementAttribute {id=F7000000-0000-0000-212F-000000000000, name=name}]
Capabilities {appium:automationName: XCUITest, appium:bundleId: com.houseofepigenetics.abch..., appium:databaseEnabled: false, appium:deviceName: iPhone 13, appium:javascriptEnabled: true, appium:locationContextEnabled: false, appium:networkConnectionEnabled: false, appium:newCommandTimeout: 3600, appium:noReset: true, appium:platformVersion: 18.7, appium:takesScreenshot: true, appium:udid: 00008110-001425322E9B601E, appium:useNewWDA: false, appium:usePrebuiltWDA: true, appium:webDriverAgentUrl: http://localhost:8100, appium:webStorageEnabled: false, platformName: IOS}
Element: [[IOSDriver:  on IOS (73933475-eb4e-486d-9b25-dd5ce0171b62)] -> xpath: //XCUIElementTypeStaticText[contains(@name, '+')]]
Session ID: 73933475-eb4e-486d-9b25-dd5ce0171b62
at org.openqa.selenium.remote.codec.w3c.W3CHttpResponseCodec.createException(W3CHttpResponseCodec.java:200)
at org.openqa.selenium.remote.codec.w3c.W3CHttpResponseCodec.decode(W3CHttpResponseCodec.java:133)
at org.openqa.selenium.remote.codec.w3c.W3CHttpResponseCodec.decode(W3CHttpResponseCodec.java:52)
at org.openqa.selenium.remote.HttpCommandExecutor.execute(HttpCommandExecutor.java:191)
at io.appium.java_client.remote.AppiumCommandExecutor.execute(AppiumCommandExecutor.java:250)
at org.openqa.selenium.remote.RemoteWebDriver.execute(RemoteWebDriver.java:602)
at org.openqa.selenium.remote.RemoteWebElement.execute(RemoteWebElement.java:224)
at org.openqa.selenium.remote.RemoteWebElement.getAttribute(RemoteWebElement.java:150)
at com.automation.pages.EditProfilePage.clickCountryCode(EditProfilePage.java:208)
... 32 more
... Removed 33 stack frames]]>
    </failure>
  </testcase> <!-- testNegativeEditProfile -->
  <testcase classname="com.automation.tests.EditProfileTest" name="testNegativeEditProfile" time="49.858">
    <failure type="java.lang.RuntimeException" message="Country Code dropdown with &amp;apos;+&amp;apos; not found on Edit Profile page">
      <![CDATA[java.lang.RuntimeException: Country Code dropdown with '+' not found on Edit Profile page
at com.automation.pages.EditProfilePage.clickCountryCode(EditProfilePage.java:210)
at com.automation.tests.EditProfileTest.testNegativeEditProfile(EditProfileTest.java:644)
at java.base/java.util.ArrayList.forEach(ArrayList.java:1604)
Caused by: org.openqa.selenium.StaleElementReferenceException: The previously found element "StaticText at {{34.0, 607.0}, {112.3, 44.0}}" is not present in the current view anymore. Make sure the application UI has the expected state. Original error: No matches found for Elements matching predicate 'fb_uid IN {"F7000000-0000-0000-242F-000000000000"}' from input {(
    StaticText
)}
For documentation on this error, please visit: https://www.selenium.dev/documentation/webdriver/troubleshooting/errors#stale-element-reference-exception
Build info: version: '4.13.0', revision: 'ba948ece5b*'
System info: os.name: 'Mac OS X', os.arch: 'aarch64', os.version: '14.5', java.version: '25.0.1'
Driver info: io.appium.java_client.ios.IOSDriver
Command: [931474c5-c4e5-40bf-9909-314764f7153d, getElementAttribute {id=F7000000-0000-0000-242F-000000000000, name=name}]
Capabilities {appium:automationName: XCUITest, appium:bundleId: com.houseofepigenetics.abch..., appium:databaseEnabled: false, appium:deviceName: iPhone 13, appium:javascriptEnabled: true, appium:locationContextEnabled: false, appium:networkConnectionEnabled: false, appium:newCommandTimeout: 3600, appium:noReset: true, appium:platformVersion: 18.7, appium:takesScreenshot: true, appium:udid: 00008110-001425322E9B601E, appium:useNewWDA: false, appium:usePrebuiltWDA: true, appium:webDriverAgentUrl: http://localhost:8100, appium:webStorageEnabled: false, platformName: IOS}
Element: [[IOSDriver:  on IOS (931474c5-c4e5-40bf-9909-314764f7153d)] -> xpath: //XCUIElementTypeStaticText[contains(@name, '+')]]
Session ID: 931474c5-c4e5-40bf-9909-314764f7153d
at org.openqa.selenium.remote.codec.w3c.W3CHttpResponseCodec.createException(W3CHttpResponseCodec.java:200)
at org.openqa.selenium.remote.codec.w3c.W3CHttpResponseCodec.decode(W3CHttpResponseCodec.java:133)
at org.openqa.selenium.remote.codec.w3c.W3CHttpResponseCodec.decode(W3CHttpResponseCodec.java:52)
at org.openqa.selenium.remote.HttpCommandExecutor.execute(HttpCommandExecutor.java:191)
at io.appium.java_client.remote.AppiumCommandExecutor.execute(AppiumCommandExecutor.java:250)
at org.openqa.selenium.remote.RemoteWebDriver.execute(RemoteWebDriver.java:602)
at org.openqa.selenium.remote.RemoteWebElement.execute(RemoteWebElement.java:224)
at org.openqa.selenium.remote.RemoteWebElement.getAttribute(RemoteWebElement.java:150)
at com.automation.pages.EditProfilePage.clickCountryCode(EditProfilePage.java:208)
... 32 more
... Removed 33 stack frames]]>
    </failure>
  </testcase> <!-- testNegativeEditProfile -->
  <testcase classname="com.automation.tests.EditProfileTest" name="testChangePassword" time="131.638"/>
  <testcase classname="com.automation.tests.EditProfileTest" name="testChangePassword" time="131.584"/>
  <testcase classname="com.automation.tests.EditProfileTest" name="testChangePassword" time="131.788"/>
  <testcase classname="com.automation.tests.EditProfileTest" name="testChangePassword" time="143.697">
    <failure type="java.lang.AssertionError" message="Expected Success Dialog was not displayed.">
      <![CDATA[java.lang.AssertionError: Expected Success Dialog was not displayed.
at com.automation.tests.EditProfileTest.testChangePassword(EditProfileTest.java:498)
at java.base/java.util.ArrayList.forEach(ArrayList.java:1604)
... Removed 31 stack frames]]>
    </failure>
  </testcase> <!-- testChangePassword -->
</testsuite> <!-- Surefire test -->
